<?xml version="1.0" encoding="UTF-8"?>
<!-- Generated by org.testng.reporters.JUnitReportReporter -->
<testsuite hostname="Vishnupriya-K" failures="0" tests="10" name="TestNG_Practice.SampleTest" time="0.044" errors="0" timestamp="2025-06-27T18:56:40 IST" skipped="0">
  <testcase classname="TestNG_Practice.SampleTest" name="createproduct" time="0.002"/>
  <testcase classname="TestNG_Practice.SampleTest" name="createproduct" time="0.002"/>
  <testcase classname="TestNG_Practice.SampleTest" name="deleteproduct" time="0.007"/>
  <testcase classname="TestNG_Practice.SampleTest" name="modifyproduct" time="0.003"/>
  <testcase classname="TestNG_Practice.SampleTest" name="createproduct" time="0.019"/>
  <testcase classname="TestNG_Practice.SampleTest" name="createproduct" time="0.002"/>
  <testcase classname="TestNG_Practice.SampleTest" name="createproduct" time="0.002"/>
  <testcase classname="TestNG_Practice.SampleTest" name="createproduct" time="0.002"/>
  <testcase classname="TestNG_Practice.SampleTest" name="createproduct" time="0.002"/>
  <testcase classname="TestNG_Practice.SampleTest" name="createproduct" time="0.003"/>
</testsuite> <!-- TestNG_Practice.SampleTest -->
