<?xml version="1.0" encoding="UTF-8"?>
<!-- Generated by org.testng.reporters.JUnitReportReporter -->
<testsuite hostname="Vishnupriya-K" failures="0" tests="1" name="campaign.CreateCampaignTest" time="52.553" errors="0" timestamp="2025-07-10T08:48:56 IST" skipped="0">
  <testcase classname="campaign.CreateCampaignTest" name="createCampaignTest" time="52.553"/>
</testsuite> <!-- campaign.CreateCampaignTest -->
