<?xml version="1.0" encoding="UTF-8"?>
<!-- Generated by org.testng.reporters.JUnitReportReporter -->
<testsuite hostname="Vishnupriya-K" failures="0" tests="2" name="organization.CreateOrganizationTest" time="21.327" errors="0" timestamp="2025-07-10T08:48:56 IST" skipped="0">
  <testcase classname="organization.CreateOrganizationTest" name="createOrganizationTest" time="17.653"/>
  <testcase classname="organization.CreateOrganizationTest" name="m2" time="3.674"/>
</testsuite> <!-- organization.CreateOrganizationTest -->
