<?xml version="1.0" encoding="UTF-8"?>
<!-- Generated by org.testng.reporters.JUnitReportReporter -->
<testsuite hostname="Vishnupriya-K" failures="0" tests="1" name="product.CreateProductTest" time="21.689" errors="0" timestamp="2025-07-08T14:51:24 IST" skipped="0">
  <testcase classname="product.CreateProductTest" name="createProductTest" time="21.689"/>
</testsuite> <!-- product.CreateProductTest -->
