<?xml version="1.0" encoding="UTF-8"?>
<!-- Generated by org.testng.reporters.JUnitReportReporter -->
<testsuite hostname="Vishnupriya-K" failures="0" tests="1" name="CreateProductTest" time="19.579" errors="0" timestamp="2025-06-30T16:15:51 IST" skipped="0">
  <testcase classname="CreateProductTest" name="createProductTest" time="19.579"/>
</testsuite> <!-- CreateProductTest -->
