<?xml version="1.0" encoding="UTF-8"?>
<!-- Generated by org.testng.reporters.JUnitReportReporter -->
<testsuite hostname="Vishnupriya-K" failures="0" tests="2" name="organization.CreateOrganizationTest" time="24.042" errors="0" timestamp="2025-07-16T15:49:56 IST" skipped="0">
  <testcase classname="organization.CreateOrganizationTest" name="m2" time="4.281"/>
  <testcase classname="organization.CreateOrganizationTest" name="createOrganizationTest" time="19.761"/>
</testsuite> <!-- organization.CreateOrganizationTest -->
