<?xml version="1.0" encoding="UTF-8"?>
<!-- Generated by org.testng.reporters.JUnitReportReporter -->
<testsuite hostname="Vishnupriya-K" failures="0" tests="1" name="contact.CreatecontactTest" time="18.823" errors="0" timestamp="2025-07-16T15:49:56 IST" skipped="0">
  <testcase classname="contact.CreatecontactTest" name="createcontactTest" time="18.823"/>
</testsuite> <!-- contact.CreatecontactTest -->
