<?xml version="1.0" encoding="UTF-8"?>
<!-- Generated by org.testng.reporters.JUnitReportReporter -->
<testsuite hostname="Vishnupriya-K" failures="0" tests="3" name="TestNG_Practice.DataProviderEx1" time="0.017" errors="0" timestamp="2025-06-28T07:43:36 IST" skipped="0">
  <testcase classname="TestNG_Practice.DataProviderEx1" name="bookTickets" time="0.003"/>
  <testcase classname="TestNG_Practice.DataProviderEx1" name="bookTickets" time="0.011"/>
  <testcase classname="TestNG_Practice.DataProviderEx1" name="bookTickets" time="0.003"/>
</testsuite> <!-- TestNG_Practice.DataProviderEx1 -->
