<?xml version="1.0" encoding="UTF-8"?>
<!-- Generated by org.testng.reporters.JUnitReportReporter -->
<testsuite hostname="Vishnupriya-K" failures="0" tests="2" name="organization.CreateOrganizationTest" time="22.827" errors="0" timestamp="2025-07-16T08:45:26 IST" skipped="0">
  <testcase classname="organization.CreateOrganizationTest" name="createOrganizationTest" time="16.185"/>
  <testcase classname="organization.CreateOrganizationTest" name="m2" time="6.642"/>
</testsuite> <!-- organization.CreateOrganizationTest -->
