<?xml version="1.0" encoding="UTF-8"?>
<!-- Generated by org.testng.reporters.JUnitReportReporter -->
<testsuite hostname="Vishnupriya-K" failures="0" tests="1" name="contact.CreatecontactTest" time="14.958" errors="0" timestamp="2025-07-16T08:45:26 IST" skipped="0">
  <testcase classname="contact.CreatecontactTest" name="createcontactTest" time="14.958"/>
</testsuite> <!-- contact.CreatecontactTest -->
