<?xml version="1.0" encoding="UTF-8"?>
<!-- Generated by org.testng.reporters.JUnitReportReporter -->
<testsuite hostname="Vishnupriya-K" failures="0" tests="1" name="TestNG_Practice.SoftAssertEx" time="0.024" errors="0" timestamp="2025-07-04T09:00:28 IST" skipped="0">
  <testcase classname="TestNG_Practice.SoftAssertEx" name="m1" time="0.024"/>
</testsuite> <!-- TestNG_Practice.SoftAssertEx -->
